f(x) = m11*x +q11
fit f(x) 'Gain_log.txt' in 0:0 u 1:2:3 via m11,q11
f12(x) = m12*x +q12
fit f12(x) 'Gain_log.txt' in 1:1 u 1:2:3 via m12,q12
f12(x) = m12*x +q12
f11(x) = m11*x +q11
f31(x) = m31*x +q31
f51(x) = m51*x +q51
f52(x) = m52*x +q52
fit f11(x) 'Gain_log.txt' in 0:0 u 1:2:3 via m11,q11
fit f12(x) 'Gain_log.txt' in 1:1 u 1:2:3 via m12,q12
fit f31(x) 'Gain_log.txt' in 2:2 u 1:2:3 via m31,q31
fit f51(x) 'Gain_log.txt' in 3:3 u 1:2:3 via m51,q51
fit f52(x) 'Gain_log.txt' in 4:4 u 1:2:3 via m52,q52



*******************************************************************************
Mon May 21 13:18:45 2018


FIT:    data read from 'Gain_log.txt' in 0:0 u 1:2:3
        format = x:z:s
        x range restricted to [28.0000 : 34.0000]
        #datapoints = 4
function used for fitting: f(x)
	f(x) = m11*x +q11
fitted parameters initialized with current variable values

iter      chisq       delta/lim  lambda   m11           q11          
   0 4.8364604331e+00   0.00e+00  3.33e+03    3.490390e+00  -1.015986e+02
   1 4.8364604331e+00  -1.93e-09  3.33e+02    3.490390e+00  -1.015986e+02

After 1 iterations the fit converged.
final sum of squares of residuals : 4.83646
rel. change during last iteration : -1.92824e-14

degrees of freedom    (FIT_NDF)                        : 2
rms of residuals      (FIT_STDFIT) = sqrt(WSSR/ndf)    : 1.55507
variance of residuals (reduced chisquare) = WSSR/ndf   : 2.41823
p-value of the Chisq distribution (FIT_P)              : 0.0890791

Final set of parameters            Asymptotic Standard Error
=======================            ==========================
m11             = 3.49039          +/- 0.05875      (1.683%)
q11             = -101.599         +/- 1.869        (1.84%)

correlation matrix of the fit parameters:
                m11    q11    
m11             1.000 
q11            -1.000  1.000 


*******************************************************************************
Mon May 21 13:18:45 2018


FIT:    data read from 'Gain_log.txt' in 1:1 u 1:2:3
        format = x:z:s
        x range restricted to [28.0000 : 34.0000]
        #datapoints = 5
function used for fitting: f12(x)
	f12(x) = m12*x +q12
fitted parameters initialized with current variable values

iter      chisq       delta/lim  lambda   m12           q12          
   0 2.1265513980e+01   0.00e+00  4.63e+03    3.614309e+00  -1.055263e+02
   1 2.1265513980e+01  -6.72e-09  4.63e+02    3.614309e+00  -1.055263e+02

After 1 iterations the fit converged.
final sum of squares of residuals : 21.2655
rel. change during last iteration : -6.716e-14

degrees of freedom    (FIT_NDF)                        : 3
rms of residuals      (FIT_STDFIT) = sqrt(WSSR/ndf)    : 2.66242
variance of residuals (reduced chisquare) = WSSR/ndf   : 7.0885
p-value of the Chisq distribution (FIT_P)              : 9.27204e-05

Final set of parameters            Asymptotic Standard Error
=======================            ==========================
m12             = 3.61431          +/- 0.03882      (1.074%)
q12             = -105.526         +/- 1.199        (1.136%)

correlation matrix of the fit parameters:
                m12    q12    
m12             1.000 
q12            -1.000  1.000 


*******************************************************************************
Mon May 21 13:18:45 2018


FIT:    data read from 'Gain_log.txt' in 0:0 u 1:2:3
        format = x:z:s
        x range restricted to [28.0000 : 34.0000]
        #datapoints = 4
function used for fitting: f11(x)
	f11(x) = m11*x +q11
fitted parameters initialized with current variable values

iter      chisq       delta/lim  lambda   m11           q11          
   0 4.8364604331e+00   0.00e+00  3.33e+03    3.490390e+00  -1.015986e+02
   1 4.8364604331e+00   0.00e+00  3.33e+02    3.490390e+00  -1.015986e+02

After 1 iterations the fit converged.
final sum of squares of residuals : 4.83646
rel. change during last iteration : 0

degrees of freedom    (FIT_NDF)                        : 2
rms of residuals      (FIT_STDFIT) = sqrt(WSSR/ndf)    : 1.55507
variance of residuals (reduced chisquare) = WSSR/ndf   : 2.41823
p-value of the Chisq distribution (FIT_P)              : 0.0890791

Final set of parameters            Asymptotic Standard Error
=======================            ==========================
m11             = 3.49039          +/- 0.05875      (1.683%)
q11             = -101.599         +/- 1.869        (1.84%)

correlation matrix of the fit parameters:
                m11    q11    
m11             1.000 
q11            -1.000  1.000 


*******************************************************************************
Mon May 21 13:18:45 2018


FIT:    data read from 'Gain_log.txt' in 1:1 u 1:2:3
        format = x:z:s
        x range restricted to [28.0000 : 34.0000]
        #datapoints = 5
function used for fitting: f12(x)
	f12(x) = m12*x +q12
fitted parameters initialized with current variable values

iter      chisq       delta/lim  lambda   m12           q12          
   0 2.1265513980e+01   0.00e+00  4.63e+03    3.614309e+00  -1.055263e+02
   1 2.1265513980e+01   0.00e+00  4.63e+02    3.614309e+00  -1.055263e+02

After 1 iterations the fit converged.
final sum of squares of residuals : 21.2655
rel. change during last iteration : 0

degrees of freedom    (FIT_NDF)                        : 3
rms of residuals      (FIT_STDFIT) = sqrt(WSSR/ndf)    : 2.66242
variance of residuals (reduced chisquare) = WSSR/ndf   : 7.0885
p-value of the Chisq distribution (FIT_P)              : 9.27204e-05

Final set of parameters            Asymptotic Standard Error
=======================            ==========================
m12             = 3.61431          +/- 0.03882      (1.074%)
q12             = -105.526         +/- 1.199        (1.136%)

correlation matrix of the fit parameters:
                m12    q12    
m12             1.000 
q12            -1.000  1.000 


*******************************************************************************
Mon May 21 13:18:45 2018


FIT:    data read from 'Gain_log.txt' in 2:2 u 1:2:3
        format = x:z:s
        x range restricted to [28.0000 : 34.0000]
        #datapoints = 5
function used for fitting: f31(x)
	f31(x) = m31*x +q31
fitted parameters initialized with current variable values

iter      chisq       delta/lim  lambda   m31           q31          
   0 1.3600266165e+01   0.00e+00  3.53e+03    3.582847e+00  -1.041102e+02
   1 1.3600266165e+01   0.00e+00  3.53e+02    3.582847e+00  -1.041102e+02

After 1 iterations the fit converged.
final sum of squares of residuals : 13.6003
rel. change during last iteration : 0

degrees of freedom    (FIT_NDF)                        : 3
rms of residuals      (FIT_STDFIT) = sqrt(WSSR/ndf)    : 2.12918
variance of residuals (reduced chisquare) = WSSR/ndf   : 4.53342
p-value of the Chisq distribution (FIT_P)              : 0.00350298

Final set of parameters            Asymptotic Standard Error
=======================            ==========================
m31             = 3.58285          +/- 0.05938      (1.657%)
q31             = -104.11          +/- 1.889        (1.815%)

correlation matrix of the fit parameters:
                m31    q31    
m31             1.000 
q31            -1.000  1.000 


*******************************************************************************
Mon May 21 13:18:45 2018


FIT:    data read from 'Gain_log.txt' in 3:3 u 1:2:3
        format = x:z:s
        x range restricted to [28.0000 : 34.0000]
        #datapoints = 5
function used for fitting: f51(x)
	f51(x) = m51*x +q51
fitted parameters initialized with current variable values

iter      chisq       delta/lim  lambda   m51           q51          
   0 2.6522686717e+01   0.00e+00  4.86e+03    3.459631e+00  -9.811022e+01
   1 2.6522686717e+01  -1.34e-11  4.86e+02    3.459631e+00  -9.811022e+01

After 1 iterations the fit converged.
final sum of squares of residuals : 26.5227
rel. change during last iteration : -1.3395e-16

degrees of freedom    (FIT_NDF)                        : 3
rms of residuals      (FIT_STDFIT) = sqrt(WSSR/ndf)    : 2.97336
variance of residuals (reduced chisquare) = WSSR/ndf   : 8.8409
p-value of the Chisq distribution (FIT_P)              : 7.41235e-06

Final set of parameters            Asymptotic Standard Error
=======================            ==========================
m51             = 3.45963          +/- 0.05105      (1.475%)
q51             = -98.1102         +/- 1.608        (1.639%)

correlation matrix of the fit parameters:
                m51    q51    
m51             1.000 
q51            -1.000  1.000 


*******************************************************************************
Mon May 21 13:18:45 2018


FIT:    data read from 'Gain_log.txt' in 4:4 u 1:2:3
        format = x:z:s
        x range restricted to [28.0000 : 34.0000]
        #datapoints = 6
function used for fitting: f52(x)
	f52(x) = m52*x +q52
fitted parameters initialized with current variable values

iter      chisq       delta/lim  lambda   m52           q52          
   0 6.4196857665e+01   0.00e+00  5.99e+03    4.012559e+00  -1.140633e+02
   1 6.4196857665e+01   0.00e+00  5.99e+04    4.012559e+00  -1.140633e+02

After 1 iterations the fit converged.
final sum of squares of residuals : 64.1969
rel. change during last iteration : 0

degrees of freedom    (FIT_NDF)                        : 4
rms of residuals      (FIT_STDFIT) = sqrt(WSSR/ndf)    : 4.00615
variance of residuals (reduced chisquare) = WSSR/ndf   : 16.0492
p-value of the Chisq distribution (FIT_P)              : 3.79918e-13

Final set of parameters            Asymptotic Standard Error
=======================            ==========================
m52             = 4.01256          +/- 0.05571      (1.388%)
q52             =
 -114.063         +/- 1.733        (1.52%)

correlation matrix of the fit parameters:
                m52    q52    
m52             1.000 
q52            -1.000  1.000 









*******************************************************************************
Mon Dec 17 10:16:14 2018


FIT:    data read from "Mu_log.txt" in 5:5 u 1:4:5
        format = x:z:s
        x range restricted to [29.8583 : 32.5571]
        #datapoints = 6
function used for fitting: f(x)
	f(x) = m*x+q
fitted parameters initialized with current variable values

iter      chisq       delta/lim  lambda   m             q            
   0 2.8294448863e+07   0.00e+00  1.52e+03    1.000000e+00   1.000000e+00
   6 2.4582690711e+01  -5.87e-02  1.52e-03    2.329310e-01  -6.582171e+00

After 6 iterations the fit converged.
final sum of squares of residuals : 24.5827
rel. change during last iteration : -5.86985e-07

degrees of freedom    (FIT_NDF)                        : 4
rms of residuals      (FIT_STDFIT) = sqrt(WSSR/ndf)    : 2.47905
variance of residuals (reduced chisquare) = WSSR/ndf   : 6.14567
p-value of the Chisq distribution (FIT_P)              : 6.10247e-05

Final set of parameters            Asymptotic Standard Error
=======================            ==========================
m               = 0.232931         +/- 0.01819      (7.811%)
q               = -6.58217         +/- 0.5603       (8.512%)

correlation matrix of the fit parameters:
                m      q      
m               1.000 
q              -1.000  1.000 


*******************************************************************************
Mon Dec 17 10:41:46 2018


FIT:    data read from "Mu_log.txt" in 6:6 u 1:2:3
        format = x:z:s
        x range restricted to [30.6857 : 31.4714]
BREAK: No data to fit

*******************************************************************************
Mon Dec 17 10:42:07 2018


FIT:    data read from "Mu_log.txt" in 6:6 u 1:2:3
        format = x:z:s
        x range restricted to [25.0000 : 33.0000]
        #datapoints = 5
function used for fitting: f(x)
	f(x) = m*x+q
fitted parameters initialized with current variable values

iter      chisq       delta/lim  lambda   m             q            
   0 5.1864297316e+06   0.00e+00  1.14e+03    1.000000e+00   1.000000e+00
   7 2.2918017347e+02  -1.08e-06  1.14e-04    4.244807e+00  -1.208544e+02

After 7 iterations the fit converged.
final sum of squares of residuals : 229.18
rel. change during last iteration : -1.07914e-11

degrees of freedom    (FIT_NDF)                        : 3
rms of residuals      (FIT_STDFIT) = sqrt(WSSR/ndf)    : 8.74033
variance of residuals (reduced chisquare) = WSSR/ndf   : 76.3934
p-value of the Chisq distribution (FIT_P)              : 0

Final set of parameters            Asymptotic Standard Error
=======================            ==========================
m               = 4.24481          +/- 0.2253       (5.308%)
q               = -120.854         +/- 7.084        (5.861%)

correlation matrix of the fit parameters:
                m      q      
m               1.000 
q              -1.000  1.000 


*******************************************************************************
Tue Dec 18 12:48:22 2018


FIT:    data read from "OldBoards.log" in 0:0 u 1:2:3
        format = x:z:s
        x range restricted to [28.0000 : 34.0000]
        #datapoints = 5
function used for fitting: F1(x)
	F1(x) = m*x +q
fitted parameters initialized with current variable values

iter      chisq       delta/lim  lambda   m             q            
   0 6.2162041297e+06   0.00e+00  1.23e+03    1.000000e+00   1.000000e+00
   7 2.8231576319e+02  -7.32e-07  1.23e-04    4.159511e+00  -1.181505e+02

After 7 iterations the fit converged.
final sum of squares of residuals : 282.316
rel. change during last iteration : -7.32057e-12

degrees of freedom    (FIT_NDF)                        : 3
rms of residuals      (FIT_STDFIT) = sqrt(WSSR/ndf)    : 9.70079
variance of residuals (reduced chisquare) = WSSR/ndf   : 94.1053
p-value of the Chisq distribution (FIT_P)              : 0

Final set of parameters            Asymptotic Standard Error
=======================            ==========================
m               = 4.15951          +/- 0.2237       (5.378%)
q               = -118.151         +/- 7.018        (5.94%)

correlation matrix of the fit parameters:
                m      q      
m               1.000 
q              -1.000  1.000 


*******************************************************************************
Tue Dec 18 12:49:51 2018


FIT:    data read from "OldBoards.log" in 0:0 u 1:2:3
        format = x:z:s
        x range restricted to [29.7588 : 33.5292]
        #datapoints = 5
function used for fitting: F1p(x)
	F1p(x) = a*x*x + b*x + c
fitted parameters initialized with current variable values

iter      chisq       delta/lim  lambda   a             b             c            
   0 1.5583087771e+10   0.00e+00  3.16e+04    1.000000e+00   1.000000e+00   1.000000e+00
  10 9.2900233418e+01  -1.70e-07  3.16e-06    5.085155e-01  -2.789132e+01   3.868038e+02

After 10 iterations the fit converged.
final sum of squares of residuals : 92.9002
rel. change during last iteration : -1.69688e-12

degrees of freedom    (FIT_NDF)                        : 2
rms of residuals      (FIT_STDFIT) = sqrt(WSSR/ndf)    : 6.81543
variance of residuals (reduced chisquare) = WSSR/ndf   : 46.4501
p-value of the Chisq distribution (FIT_P)              : 0

Final set of parameters            Asymptotic Standard Error
=======================            ==========================
a               = 0.508516         +/- 0.2518       (49.52%)
b               = -27.8913         +/- 15.87        (56.91%)
c               = 386.804          +/- 250.1        (64.66%)

correlation matrix of the fit parameters:
                a      b      c      
a               1.000 
b              -1.000  1.000 
c               1.000 -1.000  1.000 


*******************************************************************************
Tue Dec 18 13:52:40 2018


FIT:    data read from "OldBoards.log" in 0:0 u 1:2:3
        format = x:z:s
        x range restricted to [28.0000 : 34.0000]
        #datapoints = 5
function used for fitting: F1(x)
	F1(x) = mf1 *x + qf1
fitted parameters initialized with current variable values

iter      chisq       delta/lim  lambda   mf1           qf1          
   0 6.2162041297e+06   0.00e+00  1.23e+03    1.000000e+00   1.000000e+00
   7 2.8231576319e+02  -7.32e-07  1.23e-04    4.159511e+00  -1.181505e+02

After 7 iterations the fit converged.
final sum of squares of residuals : 282.316
rel. change during last iteration : -7.32057e-12

degrees of freedom    (FIT_NDF)                        : 3
rms of residuals      (FIT_STDFIT) = sqrt(WSSR/ndf)    : 9.70079
variance of residuals (reduced chisquare) = WSSR/ndf   : 94.1053
p-value of the Chisq distribution (FIT_P)              : 0

Final set of parameters            Asymptotic Standard Error
=======================            ==========================
mf1             = 4.15951          +/- 0.2237       (5.378%)
qf1             = -118.151         +/- 7.018        (5.94%)

correlation matrix of the fit parameters:
                mf1    qf1    
mf1             1.000 
qf1            -1.000  1.000 


*******************************************************************************
Tue Dec 18 13:54:41 2018


FIT:    data read from "OldBoards.log" in 1:1 u 1:2:3
        format = x:z:s
        x range restricted to [28.0000 : 34.0000]
        #datapoints = 5
function used for fitting: F2(x)
	F2(x) = mf2 *x + qf2
fitted parameters initialized with current variable values

iter      chisq       delta/lim  lambda   mf2           qf2          
   0 1.0632260243e+07   0.00e+00  1.73e+03    1.000000e+00   1.000000e+00
   7 1.4790427110e+02  -7.86e-05  1.73e-04    4.048799e+00  -1.155236e+02

After 7 iterations the fit converged.
final sum of squares of residuals : 147.904
rel. change during last iteration : -7.85897e-10

degrees of freedom    (FIT_NDF)                        : 3
rms of residuals      (FIT_STDFIT) = sqrt(WSSR/ndf)    : 7.0215
variance of residuals (reduced chisquare) = WSSR/ndf   : 49.3014
p-value of the Chisq distribution (FIT_P)              : 0

Final set of parameters            Asymptotic Standard Error
=======================            ==========================
mf2             = 4.0488           +/- 0.1759       (4.345%)
qf2             = -115.524         +/- 5.623        (4.867%)

correlation matrix of the fit parameters:
                mf2    qf2    
mf2             1.000 
qf2            -1.000  1.000 


*******************************************************************************
Tue Dec 18 14:07:17 2018


FIT:    data read from "OldBoards.log" in 1:1 u 1:2:3
        format = x:z:s
        x range restricted to [28.0000 : 34.0000]
        #datapoints = 5
function used for fitting: F2(x)
	F2(x) = mf2 *x + qf2
fitted parameters initialized with current variable values

iter      chisq       delta/lim  lambda   mf2           qf2          
   0 1.0632260243e+07   0.00e+00  1.73e+03    1.000000e+00   1.000000e+00
   7 1.4790427110e+02  -7.86e-05  1.73e-04    4.048799e+00  -1.155236e+02

After 7 iterations the fit converged.
final sum of squares of residuals : 147.904
rel. change during last iteration : -7.85897e-10

degrees of freedom    (FIT_NDF)                        : 3
rms of residuals      (FIT_STDFIT) = sqrt(WSSR/ndf)    : 7.0215
variance of residuals (reduced chisquare) = WSSR/ndf   : 49.3014
p-value of the Chisq distribution (FIT_P)              : 0

Final set of parameters            Asymptotic Standard Error
=======================            ==========================
mf2             = 4.0488           +/- 0.1759       (4.345%)
qf2             = -115.524         +/- 5.623        (4.867%)

correlation matrix of the fit parameters:
                mf2    qf2    
mf2             1.000 
qf2            -1.000  1.000 


*******************************************************************************
Tue Dec 18 14:07:30 2018


FIT:    data read from "OldBoards.log" in 0:0 u 1:2:3
        format = x:z:s
        x range restricted to [28.0000 : 34.0000]
        #datapoints = 5
function used for fitting: F1(x)
	F1(x) = mf1 *x + qf1
fitted parameters initialized with current variable values

iter      chisq       delta/lim  lambda   mf1           qf1          
   0 6.2162041297e+06   0.00e+00  1.23e+03    1.000000e+00   1.000000e+00
   7 2.8231576319e+02  -7.32e-07  1.23e-04    4.159511e+00  -1.181505e+02

After 7 iterations the fit converged.
final sum of squares of residuals : 282.316
rel. change during last iteration : -7.32057e-12

degrees of freedom    (FIT_NDF)                        : 3
rms of residuals      (FIT_STDFIT) = sqrt(WSSR/ndf)    : 9.70079
variance of residuals (reduced chisquare) = WSSR/ndf   : 94.1053
p-value of the Chisq distribution (FIT_P)              : 0

Final set of parameters            Asymptotic Standard Error
=======================            ==========================
mf1             = 4.15951          +/- 0.2237       (5.378%)
qf1             = -118.151         +/- 7.018        (5.94%)

correlation matrix of the fit parameters:
                mf1    qf1    
mf1             1.000 
qf1            -1.000  1.000 


*******************************************************************************
Tue Dec 18 14:09:00 2018


FIT:    data read from "OldBoards.log" in 2:2 u 1:2:3
        format = x:z:s
        x range restricted to [28.0000 : 34.0000]
        #datapoints = 6
function used for fitting: E1(x)
	E1(x) = me1 *x + qe1
fitted parameters initialized with current variable values

iter      chisq       delta/lim  lambda   me1           qe1          
   0 5.5057627608e+06   0.00e+00  9.76e+02    1.000000e+00   1.000000e+00
   7 7.9891244272e+02  -5.64e-09  9.76e-05    3.463201e+00  -9.900915e+01

After 7 iterations the fit converged.
final sum of squares of residuals : 798.912
rel. change during last iteration : -5.63516e-14

degrees of freedom    (FIT_NDF)                        : 4
rms of residuals      (FIT_STDFIT) = sqrt(WSSR/ndf)    : 14.1325
variance of residuals (reduced chisquare) = WSSR/ndf   : 199.728
p-value of the Chisq distribution (FIT_P)              : 0

Final set of parameters            Asymptotic Standard Error
=======================            ==========================
me1             = 3.4632           +/- 0.2969       (8.573%)
qe1             = -99.0091         +/- 9.407        (9.501%)

correlation matrix of the fit parameters:
                me1    qe1    
me1             1.000 
qe1            -1.000  1.000 


*******************************************************************************
Tue Dec 18 14:15:14 2018


FIT:    data read from "OldBoards.log" in 3:3 u 1:2:3
        format = x:z:s
        x range restricted to [28.6000 : 34.6000]
        #datapoints = 6
function used for fitting: E2(x)
	E2(x) = me2 *x + qe2
fitted parameters initialized with current variable values

iter      chisq       delta/lim  lambda   me2           qe2          
   0 1.3368868858e+06   0.00e+00  5.19e+02    1.000000e+00   1.000000e+00
   7 1.4897996009e+01  -2.18e-08  5.19e-05    3.732677e+00  -1.064687e+02

After 7 iterations the fit converged.
final sum of squares of residuals : 14.898
rel. change during last iteration : -2.1808e-13

degrees of freedom    (FIT_NDF)                        : 4
rms of residuals      (FIT_STDFIT) = sqrt(WSSR/ndf)    : 1.9299
variance of residuals (reduced chisquare) = WSSR/ndf   : 3.7245
p-value of the Chisq distribution (FIT_P)              : 0.00491752

Final set of parameters            Asymptotic Standard Error
=======================            ==========================
me2             = 3.73268          +/- 0.05856      (1.569%)
qe2             = -106.469         +/- 1.865        (1.752%)

correlation matrix of the fit parameters:
                me2    qe2    
me2             1.000 
qe2            -1.000  1.000 


*******************************************************************************
Tue Dec 18 14:17:15 2018


FIT:    data read from "OldBoards.log" in 3:3 u 1:2:3
        format = x:z:s
        x range restricted to [28.6000 : 34.6000]
        #datapoints = 6
function used for fitting: E2(x)
	E2(x) = me2 *x + qe2
fitted parameters initialized with current variable values

iter      chisq       delta/lim  lambda   me2           qe2          
   0 1.4897996009e+01   0.00e+00  2.60e+03    3.732677e+00  -1.064687e+02
   1 1.4897996009e+01   0.00e+00  2.60e+02    3.732677e+00  -1.064687e+02

After 1 iterations the fit converged.
final sum of squares of residuals : 14.898
rel. change during last iteration : 0

degrees of freedom    (FIT_NDF)                        : 4
rms of residuals      (FIT_STDFIT) = sqrt(WSSR/ndf)    : 1.9299
variance of residuals (reduced chisquare) = WSSR/ndf   : 3.7245
p-value of the Chisq distribution (FIT_P)              : 0.00491752

Final set of parameters            Asymptotic Standard Error
=======================            ==========================
me2             = 3.73268          +/- 0.05856      (1.569%)
qe2             = -106.469         +/- 1.865        (1.752%)

correlation matrix of the fit parameters:
                me2    qe2    
me2             1.000 
qe2            -1.000  1.000 


*******************************************************************************
Tue Dec 18 14:17:17 2018


FIT:    data read from "OldBoards.log" in 3:3 u 1:2:3
        format = x:z:s
        x range restricted to [28.6000 : 34.6000]
        #datapoints = 6
function used for fitting: E2(x)
	E2(x) = me2 *x + qe2
fitted parameters initialized with current variable values

iter      chisq       delta/lim  lambda   me2           qe2          
   0 1.4897996009e+01   0.00e+00  2.60e+03    3.732677e+00  -1.064687e+02
   1 1.4897996009e+01   0.00e+00  2.60e+02    3.732677e+00  -1.064687e+02

After 1 iterations the fit converged.
final sum of squares of residuals : 14.898
rel. change during last iteration : 0

degrees of freedom    (FIT_NDF)                        : 4
rms of residuals      (FIT_STDFIT) = sqrt(WSSR/ndf)    : 1.9299
variance of residuals (reduced chisquare) = WSSR/ndf   : 3.7245
p-value of the Chisq distribution (FIT_P)              : 0.00491752

Final set of parameters            Asymptotic Standard Error
=======================            ==========================
me2             = 3.73268          +/- 0.05856      (1.569%)
qe2             = -106.469         +/- 1.865        (1.752%)

correlation matrix of the fit parameters:
                me2    qe2    
me2             1.000 
qe2            -1.000  1.000 


*******************************************************************************
Tue Dec 18 14:27:39 2018


FIT:    data read from "OldBoards.log" in 4:4 u 1:2:3
        format = x:z:s
        x range restricted to [28.6000 : 34.6000]
        #datapoints = 6
function used for fitting: C1(x)
	C1(x) = mc1 *x + qc1
fitted parameters initialized with current variable values

iter      chisq       delta/lim  lambda   mc1           qc1          
   0 1.2140405121e+07   0.00e+00  1.75e+03    1.000000e+00   1.000000e+00
   7 6.4378977345e+01  -6.01e-07  1.75e-04    3.649179e+00  -1.046349e+02

After 7 iterations the fit converged.
final sum of squares of residuals : 64.379
rel. change during last iteration : -6.00781e-12

degrees of freedom    (FIT_NDF)                        : 4
rms of residuals      (FIT_STDFIT) = sqrt(WSSR/ndf)    : 4.01183
variance of residuals (reduced chisquare) = WSSR/ndf   : 16.0947
p-value of the Chisq distribution (FIT_P)              : 3.47722e-13

Final set of parameters            Asymptotic Standard Error
=======================            ==========================
mc1             = 3.64918          +/- 0.04857      (1.331%)
qc1             = -104.635         +/- 1.592        (1.522%)

correlation matrix of the fit parameters:
                mc1    qc1    
mc1             1.000 
qc1            -1.000  1.000 


*******************************************************************************
Tue Dec 18 15:16:55 2018


FIT:    data read from "OldBoards.log" in 5:5 u 1:2:3
        format = x:z:s
        x range restricted to [28.6000 : 34.6000]
        #datapoints = 7
function used for fitting: C2(x)
	C2(x) = mc2*x  + qc2
fitted parameters initialized with current variable values

iter      chisq       delta/lim  lambda   mc2           qc2          
   0 2.3101352706e+06   0.00e+00  6.64e+02    1.000000e+00   1.000000e+00
   7 4.2541713889e+01  -6.33e-09  6.64e-05    4.038840e+00  -1.150479e+02

After 7 iterations the fit converged.
final sum of squares of residuals : 42.5417
rel. change during last iteration : -6.33016e-14

degrees of freedom    (FIT_NDF)                        : 5
rms of residuals      (FIT_STDFIT) = sqrt(WSSR/ndf)    : 2.91691
variance of residuals (reduced chisquare) = WSSR/ndf   : 8.50834
p-value of the Chisq distribution (FIT_P)              : 4.57591e-08

Final set of parameters            Asymptotic Standard Error
=======================            ==========================
mc2             = 4.03884          +/- 0.05089      (1.26%)
qc2             = -115.048         +/- 1.62         (1.408%)

correlation matrix of the fit parameters:
                mc2    qc2    
mc2             1.000 
qc2            -1.000  1.000 
